2020-04-21T00:17:26+00:00 DEBUG 
====Stripe Version: 4.3.3====
====Start Log====
Domain association file updated.
====End Log====


2020-04-21T00:17:26+00:00 DEBUG 
====Stripe Version: 4.3.3====
====Start Log====
Error: Unable to verify domain - missing secret key.
====End Log====


2020-04-21T00:24:20+00:00 DEBUG 
====Stripe Version: 4.3.3====
====Start Log====
Error: Unable to verify domain - missing secret key.
====End Log====


2020-04-21T00:52:40+00:00 DEBUG 
====Stripe Version: 4.3.3====
====Start Log====
Error: Unable to verify domain - missing secret key.
====End Log====


2020-04-21T00:55:13+00:00 DEBUG 
====Stripe Version: 4.3.3====
====Start Log====
Error: Unable to verify domain - missing secret key.
====End Log====


